<?xml version="1.0" encoding="UTF-8"?>
<!-- Generated by org.testng.reporters.JUnitXMLReporter -->
<testsuite ignored="0" hostname="Sumits-MacBook-Pro.local" failures="0" tests="6" name="Add Customer Test" time="2.668" errors="0" timestamp="2021-08-17T19:02:53 IST">
  <testcase classname="com.qa.testcases.AddCustomerTest" name="addCustomerTest" time="0.7"/>
  <testcase classname="com.qa.testcases.AddCustomerTest" name="addCustomerTest" time="0.619"/>
  <testcase classname="com.qa.testcases.AddCustomerTest" name="addCustomerTest" time="0.001">
    <skipped/>
  </testcase> <!-- addCustomerTest -->
  <testcase classname="com.qa.testcases.AddCustomerTest" name="addCustomerTest" time="0.55"/>
  <testcase classname="com.qa.testcases.AddCustomerTest" name="addCustomerTest" time="0.001">
    <skipped/>
  </testcase> <!-- addCustomerTest -->
  <testcase classname="com.qa.testcases.AddCustomerTest" name="addCustomerTest" time="0.78"/>
</testsuite> <!-- Add Customer Test -->
