<?xml version="1.0" encoding="UTF-8"?>
<!-- Generated by org.testng.reporters.JUnitXMLReporter -->
<testsuite ignored="0" hostname="Sumits-MacBook-Pro.local" failures="0" tests="5" name="Add Customer Test" time="3.22" errors="0" timestamp="2021-08-13T16:52:07 IST">
  <testcase classname="com.qa.testcases.AddCustomerTest" name="addCustomerTest" time="0.692"/>
  <testcase classname="com.qa.testcases.AddCustomerTest" name="addCustomerTest" time="0.633"/>
  <testcase classname="com.qa.testcases.AddCustomerTest" name="addCustomerTest" time="0.68"/>
  <testcase classname="com.qa.testcases.AddCustomerTest" name="addCustomerTest" time="0.579"/>
  <testcase classname="com.qa.testcases.AddCustomerTest" name="addCustomerTest" time="0.599"/>
</testsuite> <!-- Add Customer Test -->
