<?xml version="1.0" encoding="UTF-8"?>
<!-- Generated by org.testng.reporters.JUnitXMLReporter -->
<testsuite ignored="0" hostname="Sumits-MacBook-Pro.local" failures="2" tests="2" name="Bank Manager Login Test" time="0.262" errors="0" timestamp="2021-08-13T16:57:46 IST">
  <testcase classname="com.qa.testcases.BankManagerLoginTest" name="loginAsBankManager" time="0.212">
    <failure type="java.lang.AssertionError" message="null">
      <![CDATA[java.lang.AssertionError: null
at com.qa.testcases.BankManagerLoginTest.loginAsBankManager(BankManagerLoginTest.java:17)
at java.base/java.util.ArrayList.forEach(ArrayList.java:1511)
... Removed 29 stack frames]]>
    </failure>
  </testcase> <!-- loginAsBankManager -->
  <testcase classname="com.qa.testcases.BankManagerLoginTest" name="loginAsBankManager" time="0.227">
    <failure type="java.lang.NullPointerException" message="Cannot invoke &amp;quot;com.aventstack.extentreports.ExtentTest.fail(String)&amp;quot; because the return value of &amp;quot;java.lang.ThreadLocal.get()&amp;quot; is null">
      <![CDATA[java.lang.NullPointerException: Cannot invoke "com.aventstack.extentreports.ExtentTest.fail(String)" because the return value of "java.lang.ThreadLocal.get()" is null
at com.qa.listeneres.CustomListeners.onTestFailure(CustomListeners.java:52)
at java.base/java.util.ArrayList.forEach(ArrayList.java:1511)
... Removed 24 stack frames]]>
    </failure>
  </testcase> <!-- loginAsBankManager -->
</testsuite> <!-- Bank Manager Login Test -->
