<?xml version="1.0" encoding="UTF-8"?>
<testsuite xmlns:xsi="http://www.w3.org/2001/XMLSchema-instance" xsi:noNamespaceSchemaLocation="https://maven.apache.org/surefire/maven-surefire-plugin/xsd/surefire-test-report-3.0.xsd" version="3.0" name="TestSuite" time="10.034" tests="9" errors="0" skipped="2" failures="0">
  <properties>
[...]
</properties>
  <testcase name="bankManagerLoginTest" classname="com.qa.testcases.BankManagerLoginTest" time="0.146">
    <system-err><![CDATA[SLF4J: Failed to load class "org.slf4j.impl.StaticLoggerBinder".
SLF4J: Defaulting to no-operation (NOP) logger implementation
SLF4J: See http://www.slf4j.org/codes.html#StaticLoggerBinder for further details.
Starting ChromeDriver 92.0.4515.107 (87a818b10553a07434ea9e2b6dccf3cbe7895134-refs/branch-heads/4515@{#1634}) on port 11783
Only local connections are allowed.
Please see https://chromedriver.chromium.org/security-considerations for suggestions on keeping ChromeDriver safe.
ChromeDriver was started successfully.
Aug 17, 2021 7:02:48 PM org.openqa.selenium.remote.ProtocolHandshake createSession
INFO: Detected dialect: W3C
]]></system-err>
  </testcase>
  <testcase name="addCustomerTest[{alerttext=Customer added successfully, postcode=A234wd, lastname=Arora, runmode=Y, firstname=Raman}](1)" classname="com.qa.testcases.AddCustomerTest" time="0.7"/>
  <testcase name="addCustomerTest[{alerttext=Customer added successfully, postcode=A234wd, lastname=Arora, runmode=Y, firstname=Rahul}](2)" classname="com.qa.testcases.AddCustomerTest" time="0.619"/>
  <testcase name="addCustomerTest[{alerttext=Customer added successfully, postcode=A234wd, lastname=Arora, runmode=N, firstname=Ishita}](3)" classname="com.qa.testcases.AddCustomerTest" time="0">
    <skipped message="Skipped the testData as the RunMode is No"/>
  </testcase>
  <testcase name="addCustomerTest[{alerttext=Customer added successfully, postcode=A234wd, lastname=Sehgal, runmode=Y, firstname=Rohit}](4)" classname="com.qa.testcases.AddCustomerTest" time="0.551"/>
  <testcase name="addCustomerTest[{alerttext=Customer added successfully, postcode=A234wd, lastname=Kumar, runmode=N, firstname=Prateek}](5)" classname="com.qa.testcases.AddCustomerTest" time="0">
    <skipped message="Skipped the testData as the RunMode is No"/>
  </testcase>
  <testcase name="addCustomerTest[{alerttext=Customer added successfully, postcode=A234wd, lastname=Kumar, runmode=Y, firstname=Sumit }](6)" classname="com.qa.testcases.AddCustomerTest" time="0.778"/>
  <testcase name="openAccountTest[{currency=Rupee, alerttext=Account created successfully, customer=Raman Arora}](1)" classname="com.qa.testcases.OpenAccountTest" time="0.601"/>
  <testcase name="openAccountTest[{currency=Rupee, alerttext=Account created successfully, customer=Sumit Kumar}](2)" classname="com.qa.testcases.OpenAccountTest" time="0.397"/>
</testsuite>